[2018.03.14.06.20.38][Classes.SSHController.Connect.bw_connect] ip = 192.168.1.55, port = 22

[2018.03.14.06.20.41][Classes.SSHController.sendCommand] echo $CO_HOME

[2018.03.14.06.20.41][Classes.SSHController.ReadLinesBlocking] /home/test

[2018.03.14.06.20.41][Classes.SSHController._LoadEnvCoHome] $CO_HOME = /home/test

[2018.03.14.06.21.22][Classes.SSHController.Connect.bw_connect] ip = 192.168.1.55, port = 22

[2018.03.14.06.21.25][Classes.SSHController.sendCommand] echo $CO_HOME

[2018.03.14.06.21.25][Classes.SSHController.ReadLinesBlocking] /home/test

[2018.03.14.06.21.25][Classes.SSHController._LoadEnvCoHome] $CO_HOME = /home/test

[2018.03.14.06.21.26][Classes.SSHController._PullListInDirectory] Path = /

[2018.03.14.06.21.26][Classes.SSHController._PullListInDirectory] Path = /home

[2018.03.14.06.21.26][Classes.SSHController._PullListInDirectory] Path = /home/test

[2018.03.14.06.21.26][UserControls.Cofile.Refresh] [refresh]

[2018.03.14.06.21.32][Classes.SSHController._PullListInDirectory] Path = /

[2018.03.14.06.21.32][Classes.SSHController._PullListInDirectory] Path = /home

[2018.03.14.06.21.32][Classes.SSHController._PullListInDirectory] Path = /home/test

[2018.03.14.06.21.32][UserControls.Cofile.Refresh] [refresh]

[2018.03.14.06.21.37][Classes.SSHController._PullListInDirectory] Path = /

[2018.03.14.06.21.37][Classes.SSHController._PullListInDirectory] Path = /home

[2018.03.14.06.21.37][Classes.SSHController._PullListInDirectory] Path = /home/test

[2018.03.14.06.21.37][UserControls.Cofile.Refresh] [refresh]

[2018.03.14.06.21.37][Classes.SSHController._PullListInDirectory] Path = /

[2018.03.14.06.21.37][Classes.SSHController._PullListInDirectory] Path = /home

[2018.03.14.06.21.37][Classes.SSHController._PullListInDirectory] Path = /home/test

[2018.03.14.06.21.37][UserControls.Cofile.Refresh] [refresh]

[2018.03.14.06.21.38][Classes.SSHController._PullListInDirectory] Path = /

[2018.03.14.06.21.38][Classes.SSHController._PullListInDirectory] Path = /home

[2018.03.14.06.21.38][Classes.SSHController._PullListInDirectory] Path = /home/test

[2018.03.14.06.21.39][UserControls.Cofile.Refresh] [refresh]

[2018.03.14.06.22.28][Classes.SSHController.Connect.bw_connect] ip = 192.168.1.55, port = 22

[2018.03.14.06.22.31][Classes.SSHController.sendCommand] echo $CO_HOME

[2018.03.14.06.22.31][Classes.SSHController.ReadLinesBlocking] /home/test

[2018.03.14.06.22.31][Classes.SSHController._LoadEnvCoHome] $CO_HOME = /home/test

[2018.03.14.06.22.31][Classes.SSHController._PullListInDirectory] Path = /

[2018.03.14.06.22.31][Classes.SSHController._PullListInDirectory] Path = /home

[2018.03.14.06.22.31][Classes.SSHController._PullListInDirectory] Path = /home/test

[2018.03.14.06.22.31][UserControls.Cofile.Refresh] [refresh]

[2018.03.14.06.22.33][Classes.SSHController._PullListInDirectory] Path = /

[2018.03.14.06.22.33][Classes.SSHController._PullListInDirectory] Path = /

[2018.03.14.06.22.35][UserControls.ConfigOptions.ConfigOptionManager.CreateOption] type = file

[2018.03.14.06.22.37][Classes.SSHController._PullListInDirectory] Path = /

[2018.03.14.06.27.02][Classes.SSHController.Connect.bw_connect] ip = 192.168.1.55, port = 22

[2018.03.14.06.27.05][Classes.SSHController.sendCommand] echo $CO_HOME

[2018.03.14.06.27.05][Classes.SSHController.ReadLinesBlocking] /home/test

[2018.03.14.06.27.05][Classes.SSHController._LoadEnvCoHome] $CO_HOME = /home/test

[2018.03.14.06.27.06][Classes.SSHController._PullListInDirectory] Path = /

[2018.03.14.06.27.06][Classes.SSHController._PullListInDirectory] Path = /home

[2018.03.14.06.27.06][Classes.SSHController._PullListInDirectory] Path = /home/test

[2018.03.14.06.27.06][UserControls.Cofile.Refresh] [refresh]

[2018.03.14.06.27.11][Classes.SSHController._PullListInDirectory] Path = /

[2018.03.14.06.29.11][Classes.SSHController.Connect.bw_connect] ip = 192.168.1.55, port = 22

[2018.03.14.06.29.14][Classes.SSHController.sendCommand] echo $CO_HOME

[2018.03.14.06.29.14][Classes.SSHController.ReadLinesBlocking] /home/test

[2018.03.14.06.29.14][Classes.SSHController._LoadEnvCoHome] $CO_HOME = /home/test

[2018.03.14.06.29.30][Classes.SSHController._PullListInDirectory] Path = /

[2018.03.14.06.29.30][Classes.SSHController._PullListInDirectory] Path = /home

[2018.03.14.06.29.30][Classes.SSHController._PullListInDirectory] Path = /home/test

[2018.03.14.06.29.30][UserControls.Cofile.Refresh] [refresh]

[2018.03.14.06.29.45][Classes.SSHController._PullListInDirectory] Path = /

[2018.03.14.06.29.45][Classes.SSHController._PullListInDirectory] Path = /

[2018.03.14.06.30.10][Classes.SSHController.Connect.bw_connect] ip = 192.168.1.55, port = 22

[2018.03.14.06.30.13][Classes.SSHController.sendCommand] echo $CO_HOME

[2018.03.14.06.30.13][Classes.SSHController.ReadLinesBlocking] /home/test

[2018.03.14.06.30.13][Classes.SSHController._LoadEnvCoHome] $CO_HOME = /home/test

[2018.03.14.06.30.14][Classes.SSHController._PullListInDirectory] Path = /

[2018.03.14.06.30.14][Classes.SSHController._PullListInDirectory] Path = /home

[2018.03.14.06.30.14][Classes.SSHController._PullListInDirectory] Path = /home/test

[2018.03.14.06.30.14][UserControls.Cofile.Refresh] [refresh]

