[2018.03.14.10.00.36][Classes.SSHController.Connect.bw_connect] ip = 192.168.1.55, port = 22

[2018.03.14.10.00.39][Classes.SSHController.sendCommand] echo $CO_HOME

[2018.03.14.10.00.39][Classes.SSHController.ReadLinesBlocking] /home/test

[2018.03.14.10.00.39][Classes.SSHController._LoadEnvCoHome] $CO_HOME = /home/test

[2018.03.14.10.00.41][Classes.SSHController._PullListInDirectory] Path = /

[2018.03.14.10.00.49][Classes.SSHController._PullListInDirectory] Path = /home

[2018.03.14.10.00.51][Classes.SSHController._PullListInDirectory] Path = /home/test

[2018.03.14.10.04.30][Classes.SSHController.Connect.bw_connect] ip = 192.168.1.55, port = 22

[2018.03.14.10.04.33][Classes.SSHController.sendCommand] echo $CO_HOME

[2018.03.14.10.04.33][Classes.SSHController.ReadLinesBlocking] /home/test

[2018.03.14.10.04.33][Classes.SSHController._LoadEnvCoHome] $CO_HOME = /home/test

[2018.03.14.10.04.35][Classes.SSHController._PullListInDirectory] Path = /

[2018.03.14.10.05.43][Classes.SSHController.Connect.bw_connect] ip = 192.168.1.55, port = 22

[2018.03.14.10.05.46][Classes.SSHController.sendCommand] echo $CO_HOME

[2018.03.14.10.05.46][Classes.SSHController.ReadLinesBlocking] /home/test

[2018.03.14.10.05.46][Classes.SSHController._LoadEnvCoHome] $CO_HOME = /home/test

[2018.03.14.10.05.48][Classes.SSHController._PullListInDirectory] Path = /

[2018.03.14.10.08.57][Classes.SSHController.Connect.bw_connect] ip = 192.168.1.55, port = 22

[2018.03.14.10.09.00][Classes.SSHController.sendCommand] echo $CO_HOME

[2018.03.14.10.09.00][Classes.SSHController.ReadLinesBlocking] /home/test

[2018.03.14.10.09.00][Classes.SSHController._LoadEnvCoHome] $CO_HOME = /home/test

[2018.03.14.10.09.01][Classes.SSHController._PullListInDirectory] Path = /

[2018.03.14.10.09.01][Classes.SSHController._PullListInDirectory] Path = /

[2018.03.14.10.09.01][Classes.SSHController._PullListInDirectory] Path = /home

[2018.03.14.10.09.01][Classes.SSHController._PullListInDirectory] Path = /home

[2018.03.14.10.09.01][Classes.SSHController._PullListInDirectory] Path = /home/test

[2018.03.14.10.09.01][Classes.SSHController._PullListInDirectory] Path = /home/test

[2018.03.14.10.09.01][UserControls.Cofile.Refresh] [refresh]

[2018.03.14.10.09.09][Classes.SSHController._PullListInDirectory] Path = /

[2018.03.14.10.11.26][Classes.SSHController.Connect.bw_connect] ip = 192.168.1.55, port = 22

[2018.03.14.10.11.29][Classes.SSHController.sendCommand] echo $CO_HOME

[2018.03.14.10.11.29][Classes.SSHController.ReadLinesBlocking] /home/test

[2018.03.14.10.11.29][Classes.SSHController._LoadEnvCoHome] $CO_HOME = /home/test

[2018.03.14.10.11.30][Classes.SSHController._PullListInDirectory] Path = /

[2018.03.14.10.12.06][Classes.SSHController.Connect.bw_connect] ip = 192.168.1.55, port = 22

[2018.03.14.10.12.09][Classes.SSHController.sendCommand] echo $CO_HOME

[2018.03.14.10.12.09][Classes.SSHController.ReadLinesBlocking] /home/test

[2018.03.14.10.12.09][Classes.SSHController._LoadEnvCoHome] $CO_HOME = /home/test

[2018.03.14.10.12.10][Classes.SSHController._PullListInDirectory] Path = /

[2018.03.14.10.13.08][Classes.SSHController.Connect.bw_connect] ip = 192.168.1.55, port = 22

[2018.03.14.10.13.11][Classes.SSHController.sendCommand] echo $CO_HOME

[2018.03.14.10.13.11][Classes.SSHController.ReadLinesBlocking] /home/test

[2018.03.14.10.13.11][Classes.SSHController._LoadEnvCoHome] $CO_HOME = /home/test

[2018.03.14.10.13.12][Classes.SSHController._PullListInDirectory] Path = /

[2018.03.14.10.13.13][Classes.SSHController._PullListInDirectory] Path = /home

[2018.03.14.10.13.14][Classes.SSHController._PullListInDirectory] Path = /home/test

[2018.03.14.10.16.20][Classes.SSHController.Connect.bw_connect] ip = 192.168.1.55, port = 22

[2018.03.14.10.16.23][Classes.SSHController.sendCommand] echo $CO_HOME

[2018.03.14.10.16.23][Classes.SSHController.ReadLinesBlocking] /home/test

[2018.03.14.10.16.23][Classes.SSHController._LoadEnvCoHome] $CO_HOME = /home/test

[2018.03.14.10.16.24][Classes.SSHController._PullListInDirectory] Path = /

[2018.03.14.10.22.14][Classes.SSHController.Connect.bw_connect] ip = 192.168.1.55, port = 22

[2018.03.14.10.22.17][Classes.SSHController.sendCommand] echo $CO_HOME

[2018.03.14.10.22.17][Classes.SSHController.ReadLinesBlocking] /home/test

[2018.03.14.10.22.17][Classes.SSHController._LoadEnvCoHome] $CO_HOME = /home/test

[2018.03.14.10.22.18][Classes.SSHController._PullListInDirectory] Path = /

[2018.03.14.10.22.21][Classes.SSHController._PullListInDirectory] Path = /

[2018.03.14.10.22.24][Classes.SSHController._PullListInDirectory] Path = /home

[2018.03.14.10.29.03][Classes.SSHController.Connect.bw_connect] ip = 192.168.1.55, port = 22

[2018.03.14.10.29.06][Classes.SSHController.sendCommand] echo $CO_HOME

[2018.03.14.10.29.06][Classes.SSHController.ReadLinesBlocking] /home/test

[2018.03.14.10.29.06][Classes.SSHController._LoadEnvCoHome] $CO_HOME = /home/test

[2018.03.14.10.29.07][Classes.SSHController._PullListInDirectory] Path = /

[2018.03.14.10.29.09][Classes.SSHController._PullListInDirectory] Path = /

[2018.03.14.10.29.10][Classes.SSHController._PullListInDirectory] Path = /

[2018.03.14.10.29.10][Classes.SSHController._PullListInDirectory] Path = /

[2018.03.14.10.29.11][Classes.SSHController._PullListInDirectory] Path = /

[2018.03.14.10.29.20][Classes.SSHController._PullListInDirectory] Path = /

[2018.03.14.10.29.22][Classes.SSHController._PullListInDirectory] Path = /

[2018.03.14.10.30.40][Classes.SSHController.Connect.bw_connect] ip = 192.168.1.55, port = 22

[2018.03.14.10.30.43][Classes.SSHController.sendCommand] echo $CO_HOME

[2018.03.14.10.30.43][Classes.SSHController.ReadLinesBlocking] /home/test

[2018.03.14.10.30.43][Classes.SSHController._LoadEnvCoHome] $CO_HOME = /home/test

[2018.03.14.10.30.44][Classes.SSHController._PullListInDirectory] Path = /

[2018.03.14.10.30.46][Classes.SSHController._PullListInDirectory] Path = /

[2018.03.14.10.30.48][Classes.SSHController._PullListInDirectory] Path = /

[2018.03.14.10.30.51][Classes.SSHController._PullListInDirectory] Path = /

[2018.03.14.10.30.54][Classes.SSHController._PullListInDirectory] Path = /

[2018.03.14.10.30.55][Classes.SSHController._PullListInDirectory] Path = /

[2018.03.14.10.31.20][Classes.SSHController.Connect.bw_connect] ip = 192.168.1.55, port = 22

[2018.03.14.10.31.23][Classes.SSHController.sendCommand] echo $CO_HOME

[2018.03.14.10.31.23][Classes.SSHController.ReadLinesBlocking] /home/test

[2018.03.14.10.31.23][Classes.SSHController._LoadEnvCoHome] $CO_HOME = /home/test

[2018.03.14.10.31.24][Classes.SSHController._PullListInDirectory] Path = /

[2018.03.14.10.31.27][Classes.SSHController._PullListInDirectory] Path = /

[2018.03.14.10.31.30][Classes.SSHController._PullListInDirectory] Path = /

[2018.03.14.10.32.18][Classes.SSHController.Connect.bw_connect] ip = 192.168.1.55, port = 22

[2018.03.14.10.32.21][Classes.SSHController.sendCommand] echo $CO_HOME

[2018.03.14.10.32.21][Classes.SSHController.ReadLinesBlocking] /home/test

[2018.03.14.10.32.21][Classes.SSHController._LoadEnvCoHome] $CO_HOME = /home/test

[2018.03.14.10.32.21][Classes.SSHController._PullListInDirectory] Path = /

[2018.03.14.10.32.27][Classes.SSHController._PullListInDirectory] Path = /

[2018.03.14.10.32.28][Classes.SSHController._PullListInDirectory] Path = /

[2018.03.14.10.32.29][Classes.SSHController._PullListInDirectory] Path = /

[2018.03.14.10.32.29][Classes.SSHController._PullListInDirectory] Path = /

[2018.03.14.10.36.47][Classes.SSHController.Connect.bw_connect] ip = 192.168.1.55, port = 22

[2018.03.14.10.36.50][Classes.SSHController.sendCommand] echo $CO_HOME

[2018.03.14.10.36.50][Classes.SSHController.ReadLinesBlocking] /home/test

[2018.03.14.10.36.50][Classes.SSHController._LoadEnvCoHome] $CO_HOME = /home/test

[2018.03.14.10.36.50][Classes.SSHController._PullListInDirectory] Path = /

[2018.03.14.10.36.52][Classes.SSHController._PullListInDirectory] Path = /home

[2018.03.14.10.36.54][Classes.SSHController._PullListInDirectory] Path = /home/test

[2018.03.14.10.37.01][Classes.SSHController._PullListInDirectory] Path = /

[2018.03.14.10.37.02][Classes.SSHController._PullListInDirectory] Path = /

[2018.03.14.10.44.19][Classes.SSHController.Connect.bw_connect] ip = 192.168.1.55, port = 22

[2018.03.14.10.44.22][Classes.SSHController.sendCommand] echo $CO_HOME

[2018.03.14.10.44.22][Classes.SSHController.ReadLinesBlocking] /home/test

[2018.03.14.10.44.22][Classes.SSHController._LoadEnvCoHome] $CO_HOME = /home/test

[2018.03.14.10.44.23][Classes.SSHController._PullListInDirectory] Path = /

[2018.03.14.10.44.26][Classes.SSHController._PullListInDirectory] Path = /

[2018.03.14.10.44.26][Classes.SSHController._PullListInDirectory] Path = /

[2018.03.14.10.44.26][Classes.SSHController._PullListInDirectory] Path = /home

[2018.03.14.10.44.26][Classes.SSHController._PullListInDirectory] Path = /home

[2018.03.14.10.44.26][Classes.SSHController._PullListInDirectory] Path = /home/test

[2018.03.14.10.44.26][Classes.SSHController._PullListInDirectory] Path = /home/test

[2018.03.14.10.44.26][UserControls.Cofile.Refresh] [refresh]

[2018.03.14.10.55.53][Classes.SSHController.Connect.bw_connect] ip = 192.168.1.55, port = 22

[2018.03.14.10.55.56][Classes.SSHController.sendCommand] echo $CO_HOME

[2018.03.14.10.55.56][Classes.SSHController.ReadLinesBlocking] /home/test

[2018.03.14.10.55.56][Classes.SSHController._LoadEnvCoHome] $CO_HOME = /home/test

[2018.03.14.10.55.58][Classes.SSHController._PullListInDirectory] Path = /

[2018.03.14.10.55.58][Classes.SSHController._PullListInDirectory] Path = /

[2018.03.14.10.55.58][Classes.SSHController._PullListInDirectory] Path = /home

[2018.03.14.10.55.58][Classes.SSHController._PullListInDirectory] Path = /home

[2018.03.14.10.55.58][Classes.SSHController._PullListInDirectory] Path = /home/test

[2018.03.14.10.55.58][Classes.SSHController._PullListInDirectory] Path = /home/test

[2018.03.14.10.55.58][UserControls.Cofile.Refresh] [refresh]

[2018.03.14.10.56.03][Classes.SSHController._PullListInDirectory] Path = /

