[2018.03.14.05.13.58][Classes.SSHController.Connect.bw_connect] ip = 192.168.1.55, port = 22

[2018.03.14.05.14.01][Classes.SSHController.sendCommand] echo $CO_HOME

[2018.03.14.05.14.01][Classes.SSHController.ReadLinesBlocking] /home/test

[2018.03.14.05.14.01][Classes.SSHController._LoadEnvCoHome] $CO_HOME = /home/test

[2018.03.14.05.14.02][Classes.SSHController._PullListInDirectory] Path = /

[2018.03.14.05.14.02][Classes.SSHController._PullListInDirectory] Path = /home

[2018.03.14.05.14.02][Classes.SSHController._PullListInDirectory] Path = /home/test

[2018.03.14.05.14.02][UserControls.Cofile.Refresh] [refresh]

[2018.03.14.05.14.02][Classes.SSHController._PullListInDirectory] Path = /

[2018.03.14.05.14.02][Classes.SSHController._PullListInDirectory] Path = /

[2018.03.14.05.14.04][Classes.SSHController._PullListInDirectory] Path = /

[2018.03.14.05.14.36][Classes.SSHController.Connect.bw_connect] ip = 192.168.1.55, port = 22

[2018.03.14.05.14.39][Classes.SSHController.sendCommand] echo $CO_HOME

[2018.03.14.05.14.39][Classes.SSHController.ReadLinesBlocking] /home/test

[2018.03.14.05.14.39][Classes.SSHController._LoadEnvCoHome] $CO_HOME = /home/test

[2018.03.14.05.14.40][Classes.SSHController._PullListInDirectory] Path = /

[2018.03.14.05.14.40][Classes.SSHController._PullListInDirectory] Path = /home

[2018.03.14.05.14.40][Classes.SSHController._PullListInDirectory] Path = /home/test

[2018.03.14.05.14.40][UserControls.Cofile.Refresh] [refresh]

[2018.03.14.05.14.41][Classes.SSHController._PullListInDirectory] Path = /

[2018.03.14.05.14.41][Classes.SSHController._PullListInDirectory] Path = /

[2018.03.14.05.16.12][Classes.SSHController.Connect.bw_connect] ip = 192.168.1.55, port = 22

[2018.03.14.05.16.15][Classes.SSHController.sendCommand] echo $CO_HOME

[2018.03.14.05.16.15][Classes.SSHController.ReadLinesBlocking] /home/test

[2018.03.14.05.16.15][Classes.SSHController._LoadEnvCoHome] $CO_HOME = /home/test

[2018.03.14.05.16.16][Classes.SSHController._PullListInDirectory] Path = /

[2018.03.14.05.16.16][Classes.SSHController._PullListInDirectory] Path = /home

[2018.03.14.05.16.16][Classes.SSHController._PullListInDirectory] Path = /home/test

[2018.03.14.05.16.16][UserControls.Cofile.Refresh] [refresh]

[2018.03.14.05.16.28][Classes.SSHController._PullListInDirectory] Path = /

[2018.03.14.05.16.28][Classes.SSHController._PullListInDirectory] Path = /

[2018.03.14.05.17.42][Classes.SSHController.Connect.bw_connect] ip = 192.168.1.55, port = 22

[2018.03.14.05.17.45][Classes.SSHController.sendCommand] echo $CO_HOME

[2018.03.14.05.17.45][Classes.SSHController.ReadLinesBlocking] /home/test

[2018.03.14.05.17.45][Classes.SSHController._LoadEnvCoHome] $CO_HOME = /home/test

[2018.03.14.05.17.46][Classes.SSHController._PullListInDirectory] Path = /

[2018.03.14.05.17.46][Classes.SSHController._PullListInDirectory] Path = /home

[2018.03.14.05.17.46][Classes.SSHController._PullListInDirectory] Path = /home/test

[2018.03.14.05.17.46][UserControls.Cofile.Refresh] [refresh]

[2018.03.14.05.17.47][Classes.SSHController._PullListInDirectory] Path = /

[2018.03.14.05.17.47][Classes.SSHController._PullListInDirectory] Path = /

[2018.03.14.05.18.11][Classes.SSHController.Connect.bw_connect] ip = 192.168.1.55, port = 22

[2018.03.14.05.18.14][Classes.SSHController.sendCommand] echo $CO_HOME

[2018.03.14.05.18.14][Classes.SSHController.ReadLinesBlocking] /home/test

[2018.03.14.05.18.14][Classes.SSHController._LoadEnvCoHome] $CO_HOME = /home/test

[2018.03.14.05.18.15][Classes.SSHController._PullListInDirectory] Path = /

[2018.03.14.05.18.15][Classes.SSHController._PullListInDirectory] Path = /home

[2018.03.14.05.18.15][Classes.SSHController._PullListInDirectory] Path = /home/test

[2018.03.14.05.18.15][UserControls.Cofile.Refresh] [refresh]

[2018.03.14.05.19.05][Classes.SSHController.Connect.bw_connect] ip = 192.168.1.55, port = 22

[2018.03.14.05.19.09][Classes.SSHController.sendCommand] echo $CO_HOME

[2018.03.14.05.19.09][Classes.SSHController.ReadLinesBlocking] /home/test

[2018.03.14.05.19.09][Classes.SSHController._LoadEnvCoHome] $CO_HOME = /home/test

[2018.03.14.05.19.09][Classes.SSHController._PullListInDirectory] Path = /

[2018.03.14.05.19.10][Classes.SSHController._PullListInDirectory] Path = /home

[2018.03.14.05.19.10][Classes.SSHController._PullListInDirectory] Path = /home/test

[2018.03.14.05.19.10][UserControls.Cofile.Refresh] [refresh]

[2018.03.14.05.21.08][Classes.SSHController.Connect.bw_connect] ip = 192.168.1.55, port = 22

[2018.03.14.05.21.11][Classes.SSHController.sendCommand] echo $CO_HOME

[2018.03.14.05.21.11][Classes.SSHController.ReadLinesBlocking] /home/test

[2018.03.14.05.21.11][Classes.SSHController._LoadEnvCoHome] $CO_HOME = /home/test

[2018.03.14.05.21.14][Classes.SSHController._PullListInDirectory] Path = /

[2018.03.14.05.21.14][Classes.SSHController._PullListInDirectory] Path = /home

[2018.03.14.05.21.14][Classes.SSHController._PullListInDirectory] Path = /home/test

[2018.03.14.05.21.14][UserControls.Cofile.Refresh] [refresh]

[2018.03.14.05.21.21][Classes.SSHController._PullListInDirectory] Path = /

[2018.03.14.05.21.21][Classes.SSHController._PullListInDirectory] Path = /

[2018.03.14.05.21.33][UserControls.ConfigOptions.ConfigOptionManager.CreateOption] type = file

[2018.03.14.05.22.11][Classes.SSHController.Connect.bw_connect] ip = 192.168.1.55, port = 22

[2018.03.14.05.22.14][Classes.SSHController.sendCommand] echo $CO_HOME

[2018.03.14.05.22.14][Classes.SSHController.ReadLinesBlocking] /home/test

[2018.03.14.05.22.14][Classes.SSHController._LoadEnvCoHome] $CO_HOME = /home/test

[2018.03.14.05.22.14][Classes.SSHController._PullListInDirectory] Path = /

[2018.03.14.05.22.14][Classes.SSHController._PullListInDirectory] Path = /home

[2018.03.14.05.22.15][Classes.SSHController._PullListInDirectory] Path = /home/test

[2018.03.14.05.22.15][UserControls.Cofile.Refresh] [refresh]

[2018.03.14.05.22.17][Classes.SSHController._PullListInDirectory] Path = /

[2018.03.14.05.22.17][Classes.SSHController._PullListInDirectory] Path = /

[2018.03.14.05.23.19][Classes.SSHController.Connect.bw_connect] ip = 192.168.1.55, port = 22

[2018.03.14.05.23.22][Classes.SSHController.sendCommand] echo $CO_HOME

[2018.03.14.05.23.22][Classes.SSHController.ReadLinesBlocking] /home/test

[2018.03.14.05.23.22][Classes.SSHController._LoadEnvCoHome] $CO_HOME = /home/test

[2018.03.14.05.23.23][Classes.SSHController._PullListInDirectory] Path = /

[2018.03.14.05.23.23][Classes.SSHController._PullListInDirectory] Path = /home

[2018.03.14.05.23.23][Classes.SSHController._PullListInDirectory] Path = /home/test

[2018.03.14.05.23.23][UserControls.Cofile.Refresh] [refresh]

[2018.03.14.05.23.23][Classes.SSHController._PullListInDirectory] Path = /

[2018.03.14.05.23.23][Classes.SSHController._PullListInDirectory] Path = /

[2018.03.14.05.23.45][Classes.SSHController.Connect.bw_connect] ip = 192.168.1.55, port = 22

[2018.03.14.05.23.48][Classes.SSHController.sendCommand] echo $CO_HOME

[2018.03.14.05.23.48][Classes.SSHController.ReadLinesBlocking] /home/test

[2018.03.14.05.23.48][Classes.SSHController._LoadEnvCoHome] $CO_HOME = /home/test

[2018.03.14.05.23.49][Classes.SSHController._PullListInDirectory] Path = /

[2018.03.14.05.23.49][Classes.SSHController._PullListInDirectory] Path = /home

[2018.03.14.05.23.49][Classes.SSHController._PullListInDirectory] Path = /home/test

[2018.03.14.05.23.49][UserControls.Cofile.Refresh] [refresh]

[2018.03.14.05.23.58][Classes.SSHController._PullListInDirectory] Path = /

[2018.03.14.05.23.58][Classes.SSHController._PullListInDirectory] Path = /

[2018.03.14.05.24.20][Classes.SSHController.Connect.bw_connect] ip = 192.168.1.55, port = 22

[2018.03.14.05.24.23][Classes.SSHController.sendCommand] echo $CO_HOME

[2018.03.14.05.24.23][Classes.SSHController.ReadLinesBlocking] /home/test

[2018.03.14.05.24.23][Classes.SSHController._LoadEnvCoHome] $CO_HOME = /home/test

[2018.03.14.05.24.24][Classes.SSHController._PullListInDirectory] Path = /

[2018.03.14.05.24.24][Classes.SSHController._PullListInDirectory] Path = /home

[2018.03.14.05.24.24][Classes.SSHController._PullListInDirectory] Path = /home/test

[2018.03.14.05.24.24][UserControls.Cofile.Refresh] [refresh]

[2018.03.14.05.24.25][Classes.SSHController._PullListInDirectory] Path = /

[2018.03.14.05.24.25][Classes.SSHController._PullListInDirectory] Path = /

[2018.03.14.05.24.28][UserControls.ConfigOptions.ConfigOptionManager.CreateOption] type = file

[2018.03.14.05.24.31][Classes.SSHController._PullListInDirectory] Path = /

[2018.03.14.05.26.24][Classes.SSHController.Connect.bw_connect] ip = 192.168.1.55, port = 22

[2018.03.14.05.26.27][Classes.SSHController.sendCommand] echo $CO_HOME

[2018.03.14.05.26.27][Classes.SSHController.ReadLinesBlocking] /home/test

[2018.03.14.05.26.27][Classes.SSHController._LoadEnvCoHome] $CO_HOME = /home/test

[2018.03.14.05.26.27][Classes.SSHController._PullListInDirectory] Path = /

[2018.03.14.05.26.27][Classes.SSHController._PullListInDirectory] Path = /home

[2018.03.14.05.26.27][Classes.SSHController._PullListInDirectory] Path = /home/test

[2018.03.14.05.26.27][UserControls.Cofile.Refresh] [refresh]

[2018.03.14.05.26.29][Classes.SSHController._PullListInDirectory] Path = /

[2018.03.14.05.26.29][Classes.SSHController._PullListInDirectory] Path = /

[2018.03.14.05.30.26][Classes.SSHController.Connect.bw_connect] ip = 192.168.1.55, port = 22

[2018.03.14.05.30.30][Classes.SSHController.sendCommand] echo $CO_HOME

[2018.03.14.05.30.30][Classes.SSHController.ReadLinesBlocking] /home/test

[2018.03.14.05.30.30][Classes.SSHController._LoadEnvCoHome] $CO_HOME = /home/test

[2018.03.14.05.31.06][Classes.SSHController._PullListInDirectory] Path = /

[2018.03.14.05.31.06][Classes.SSHController._PullListInDirectory] Path = /home

[2018.03.14.05.31.06][Classes.SSHController._PullListInDirectory] Path = /home/test

[2018.03.14.05.31.06][UserControls.Cofile.Refresh] [refresh]

[2018.03.14.05.31.08][UserControls.ConfigOptions.ConfigOptionManager.CreateOption] type = file

[2018.03.14.05.32.42][Classes.SSHController.Connect.bw_connect] ip = 192.168.1.55, port = 22

[2018.03.14.05.32.45][Classes.SSHController.sendCommand] echo $CO_HOME

[2018.03.14.05.32.45][Classes.SSHController.ReadLinesBlocking] /home/test

[2018.03.14.05.32.45][Classes.SSHController._LoadEnvCoHome] $CO_HOME = /home/test

[2018.03.14.05.32.47][Classes.SSHController._PullListInDirectory] Path = /

[2018.03.14.05.32.47][Classes.SSHController._PullListInDirectory] Path = /home

[2018.03.14.05.32.47][Classes.SSHController._PullListInDirectory] Path = /home/test

[2018.03.14.05.32.47][UserControls.Cofile.Refresh] [refresh]

[2018.03.14.05.32.48][UserControls.ConfigOptions.ConfigOptionManager.CreateOption] type = file

[2018.03.14.05.33.01][UserControls.ConfigOptions.ConfigOptionManager.CreateOption] type = file

[2018.03.14.05.36.15][Classes.SSHController.Connect.bw_connect] ip = 192.168.1.55, port = 22

[2018.03.14.05.36.18][Classes.SSHController.sendCommand] echo $CO_HOME

[2018.03.14.05.36.18][Classes.SSHController.ReadLinesBlocking] /home/test

[2018.03.14.05.36.18][Classes.SSHController._LoadEnvCoHome] $CO_HOME = /home/test

[2018.03.14.05.36.19][Classes.SSHController._PullListInDirectory] Path = /

[2018.03.14.05.36.19][Classes.SSHController._PullListInDirectory] Path = /home

[2018.03.14.05.36.19][Classes.SSHController._PullListInDirectory] Path = /home/test

[2018.03.14.05.36.19][UserControls.Cofile.Refresh] [refresh]

[2018.03.14.05.36.21][UserControls.ConfigOptions.ConfigOptionManager.CreateOption] type = file

[2018.03.14.05.37.01][Classes.SSHController.Connect.bw_connect] ip = 192.168.1.55, port = 22

[2018.03.14.05.37.04][Classes.SSHController.sendCommand] echo $CO_HOME

[2018.03.14.05.37.04][Classes.SSHController.ReadLinesBlocking] /home/test

[2018.03.14.05.37.04][Classes.SSHController._LoadEnvCoHome] $CO_HOME = /home/test

[2018.03.14.05.37.05][Classes.SSHController._PullListInDirectory] Path = /

[2018.03.14.05.37.05][Classes.SSHController._PullListInDirectory] Path = /home

[2018.03.14.05.37.05][Classes.SSHController._PullListInDirectory] Path = /home/test

[2018.03.14.05.37.05][UserControls.Cofile.Refresh] [refresh]

[2018.03.14.05.37.07][UserControls.ConfigOptions.ConfigOptionManager.CreateOption] type = file

[2018.03.14.05.37.58][Classes.SSHController.Connect.bw_connect] ip = 192.168.1.55, port = 22

[2018.03.14.05.38.01][Classes.SSHController.sendCommand] echo $CO_HOME

[2018.03.14.05.38.01][Classes.SSHController.ReadLinesBlocking] /home/test

[2018.03.14.05.38.01][Classes.SSHController._LoadEnvCoHome] $CO_HOME = /home/test

[2018.03.14.05.38.02][Classes.SSHController._PullListInDirectory] Path = /

[2018.03.14.05.38.02][Classes.SSHController._PullListInDirectory] Path = /home

[2018.03.14.05.38.02][Classes.SSHController._PullListInDirectory] Path = /home/test

[2018.03.14.05.38.02][UserControls.Cofile.Refresh] [refresh]

[2018.03.14.05.38.04][UserControls.ConfigOptions.ConfigOptionManager.CreateOption] type = file

[2018.03.14.05.40.08][Classes.SSHController.Connect.bw_connect] ip = 192.168.1.55, port = 22

[2018.03.14.05.40.11][Classes.SSHController.sendCommand] echo $CO_HOME

[2018.03.14.05.40.11][Classes.SSHController.ReadLinesBlocking] /home/test

[2018.03.14.05.40.11][Classes.SSHController._LoadEnvCoHome] $CO_HOME = /home/test

[2018.03.14.05.40.12][Classes.SSHController._PullListInDirectory] Path = /

[2018.03.14.05.40.12][Classes.SSHController._PullListInDirectory] Path = /home

[2018.03.14.05.40.12][Classes.SSHController._PullListInDirectory] Path = /home/test

[2018.03.14.05.40.12][UserControls.Cofile.Refresh] [refresh]

[2018.03.14.05.40.13][UserControls.ConfigOptions.ConfigOptionManager.CreateOption] type = file

[2018.03.14.05.40.16][UserControls.ConfigOptions.ConfigOptionManager.CreateOption] type = file

[2018.03.14.05.40.22][UserControls.ConfigOptions.ConfigOptionManager.CreateOption] type = file

[2018.03.14.05.40.27][UserControls.ConfigOptions.ConfigOptionManager.CreateOption] type = file

[2018.03.14.05.40.29][Classes.SSHController._PullListInDirectory] Path = /

[2018.03.14.05.40.29][Classes.SSHController._PullListInDirectory] Path = /

[2018.03.14.05.40.39][Classes.SSHController._PullListInDirectory] Path = /

[2018.03.14.05.40.40][Classes.SSHController._PullListInDirectory] Path = /

[2018.03.14.05.40.40][Classes.SSHController._PullListInDirectory] Path = /

[2018.03.14.05.40.41][Classes.SSHController._PullListInDirectory] Path = /

[2018.03.14.05.40.41][Classes.SSHController._PullListInDirectory] Path = /

[2018.03.14.05.40.41][Classes.SSHController._PullListInDirectory] Path = /

[2018.03.14.05.40.41][Classes.SSHController._PullListInDirectory] Path = /

[2018.03.14.05.40.41][Classes.SSHController._PullListInDirectory] Path = /

[2018.03.14.05.40.41][Classes.SSHController._PullListInDirectory] Path = /

[2018.03.14.05.40.41][Classes.SSHController._PullListInDirectory] Path = /

