[2018.03.13.06.01.02][Classes.SSHController.Connect.bw_connect] ip = 192.168.1.55, port = 22

[2018.03.13.06.01.05][Classes.SSHController.sendCommand] echo $CO_HOME

[2018.03.13.06.01.05][Classes.SSHController.ReadLinesBlocking] /home/test

[2018.03.13.06.01.05][Classes.SSHController._LoadEnvCoHome] $CO_HOME = /home/test

[2018.03.13.06.01.06][Classes.SSHController._PullListInDirectory] Path = /

[2018.03.13.06.01.43][Classes.SSHController.Connect.bw_connect] ip = 192.168.1.55, port = 22

[2018.03.13.06.01.47][Classes.SSHController.sendCommand] echo $CO_HOME

[2018.03.13.06.01.47][Classes.SSHController.ReadLinesBlocking] /home/test

[2018.03.13.06.01.47][Classes.SSHController._LoadEnvCoHome] $CO_HOME = /home/test

[2018.03.13.06.01.47][Classes.SSHController._PullListInDirectory] Path = /

[2018.03.13.06.03.56][Classes.SSHController.Connect.bw_connect] ip = 192.168.1.55, port = 22

[2018.03.13.06.03.59][Classes.SSHController.sendCommand] echo $CO_HOME

[2018.03.13.06.03.59][Classes.SSHController.ReadLinesBlocking] /home/test

[2018.03.13.06.03.59][Classes.SSHController._LoadEnvCoHome] $CO_HOME = /home/test

[2018.03.13.06.04.00][Classes.SSHController._PullListInDirectory] Path = /

[2018.03.13.06.15.43][Classes.SSHController.Connect.bw_connect] ip = 192.168.1.55, port = 22

[2018.03.13.06.15.46][Classes.SSHController.sendCommand] echo $CO_HOME

[2018.03.13.06.15.46][Classes.SSHController.ReadLinesBlocking] /home/test

[2018.03.13.06.15.46][Classes.SSHController._LoadEnvCoHome] $CO_HOME = /home/test

[2018.03.13.06.15.50][Classes.SSHController._PullListInDirectory] Path = /

[2018.03.13.06.16.04][Classes.SSHController._PullListInDirectory] Path = /home

[2018.03.13.06.16.07][Classes.SSHController._PullListInDirectory] Path = /home/test

