[2018.03.14.09.41.51][Classes.SSHController.Connect.bw_connect] ip = 192.168.1.55, port = 22

[2018.03.14.09.41.54][Classes.SSHController.sendCommand] echo $CO_HOME

[2018.03.14.09.41.54][Classes.SSHController.ReadLinesBlocking] /home/test

[2018.03.14.09.41.54][Classes.SSHController._LoadEnvCoHome] $CO_HOME = /home/test

[2018.03.14.09.41.54][Classes.SSHController._PullListInDirectory] Path = /

[2018.03.14.09.42.01][Classes.SSHController._PullListInDirectory] Path = /home

[2018.03.14.09.42.02][Classes.SSHController._PullListInDirectory] Path = /home/test

[2018.03.14.09.43.08][Classes.SSHController.Connect.bw_connect] ip = 192.168.1.55, port = 22

[2018.03.14.09.43.11][Classes.SSHController.sendCommand] echo $CO_HOME

[2018.03.14.09.43.11][Classes.SSHController.ReadLinesBlocking] /home/test

[2018.03.14.09.43.11][Classes.SSHController._LoadEnvCoHome] $CO_HOME = /home/test

[2018.03.14.09.43.13][Classes.SSHController._PullListInDirectory] Path = /

[2018.03.14.09.43.23][Classes.SSHController._PullListInDirectory] Path = /home

[2018.03.14.09.43.25][Classes.SSHController._PullListInDirectory] Path = /home/test

[2018.03.14.09.45.03][Classes.SSHController.Connect.bw_connect] ip = 192.168.1.55, port = 22

[2018.03.14.09.45.06][Classes.SSHController.sendCommand] echo $CO_HOME

[2018.03.14.09.45.06][Classes.SSHController.ReadLinesBlocking] /home/test

[2018.03.14.09.45.06][Classes.SSHController._LoadEnvCoHome] $CO_HOME = /home/test

[2018.03.14.09.45.06][Classes.SSHController._PullListInDirectory] Path = /

[2018.03.14.09.45.12][Classes.SSHController._PullListInDirectory] Path = /home

[2018.03.14.09.45.13][Classes.SSHController._PullListInDirectory] Path = /home/test

[2018.03.14.09.45.18][Classes.SSHController._PullListInDirectory] Path = /home/test/.bash_logout

[2018.03.14.09.45.20][Classes.SSHController._PullListInDirectory] Path = /home/test/.bash_logout

[2018.03.14.09.45.22][Classes.SSHController._PullListInDirectory] Path = /home/test/.bash_logout

[2018.03.14.09.46.19][Classes.SSHController.Connect.bw_connect] ip = 192.168.1.55, port = 22

[2018.03.14.09.46.22][Classes.SSHController.sendCommand] echo $CO_HOME

[2018.03.14.09.46.22][Classes.SSHController.ReadLinesBlocking] /home/test

[2018.03.14.09.46.22][Classes.SSHController._LoadEnvCoHome] $CO_HOME = /home/test

[2018.03.14.09.46.23][Classes.SSHController._PullListInDirectory] Path = /

[2018.03.14.09.46.25][Classes.SSHController._PullListInDirectory] Path = /

[2018.03.14.09.46.26][Classes.SSHController._PullListInDirectory] Path = /

[2018.03.14.09.46.27][Classes.SSHController._PullListInDirectory] Path = /

[2018.03.14.09.46.27][Classes.SSHController._PullListInDirectory] Path = /

[2018.03.14.09.46.28][Classes.SSHController._PullListInDirectory] Path = /

[2018.03.14.09.46.32][Classes.SSHController._PullListInDirectory] Path = /

[2018.03.14.09.46.33][Classes.SSHController._PullListInDirectory] Path = /

[2018.03.14.09.50.37][Classes.SSHController.Connect.bw_connect] ip = 192.168.1.55, port = 22

[2018.03.14.09.50.40][Classes.SSHController.sendCommand] echo $CO_HOME

[2018.03.14.09.50.40][Classes.SSHController.ReadLinesBlocking] /home/test

[2018.03.14.09.50.40][Classes.SSHController._LoadEnvCoHome] $CO_HOME = /home/test

[2018.03.14.09.50.41][Classes.SSHController._PullListInDirectory] Path = /

[2018.03.14.09.50.46][Classes.SSHController._PullListInDirectory] Path = /home

[2018.03.14.09.50.47][Classes.SSHController._PullListInDirectory] Path = /home/test

[2018.03.14.09.54.07][Classes.SSHController.Connect.bw_connect] ip = 192.168.1.55, port = 22

[2018.03.14.09.54.10][Classes.SSHController.sendCommand] echo $CO_HOME

[2018.03.14.09.54.10][Classes.SSHController.ReadLinesBlocking] /home/test

[2018.03.14.09.54.10][Classes.SSHController._LoadEnvCoHome] $CO_HOME = /home/test

[2018.03.14.09.54.12][Classes.SSHController._PullListInDirectory] Path = /

[2018.03.14.09.59.27][Classes.SSHController.Connect.bw_connect] ip = 192.168.1.55, port = 22

[2018.03.14.09.59.30][Classes.SSHController.sendCommand] echo $CO_HOME

[2018.03.14.09.59.30][Classes.SSHController.ReadLinesBlocking] /home/test

[2018.03.14.09.59.30][Classes.SSHController._LoadEnvCoHome] $CO_HOME = /home/test

[2018.03.14.09.59.31][Classes.SSHController._PullListInDirectory] Path = /

[2018.03.14.09.59.44][Classes.SSHController._PullListInDirectory] Path = home

[2018.03.14.09.59.50][Classes.SSHController._PullListInDirectory] Path = home

