[2018.03.14.12.00.29][Classes.SSHController.Connect.bw_connect] ip = 192.168.1.55, port = 22

[2018.03.14.12.00.32][Classes.SSHController.sendCommand] echo $CO_HOME

[2018.03.14.12.00.32][Classes.SSHController.ReadLinesBlocking] /home/test

[2018.03.14.12.00.32][Classes.SSHController._LoadEnvCoHome] $CO_HOME = /home/test

[2018.03.14.12.00.33][Classes.SSHController._PullListInDirectory] Path = /

[2018.03.14.12.00.33][Classes.SSHController._PullListInDirectory] Path = /

[2018.03.14.12.02.13][Classes.SSHController.Connect.bw_connect] ip = 192.168.1.55, port = 22

[2018.03.14.12.02.16][Classes.SSHController.sendCommand] echo $CO_HOME

[2018.03.14.12.02.16][Classes.SSHController.ReadLinesBlocking] /home/test

[2018.03.14.12.02.16][Classes.SSHController._LoadEnvCoHome] $CO_HOME = /home/test

[2018.03.14.12.02.17][Classes.SSHController._PullListInDirectory] Path = /

[2018.03.14.12.02.23][Classes.SSHController._PullListInDirectory] Path = /

[2018.03.14.12.02.23][Classes.SSHController._PullListInDirectory] Path = /

[2018.03.14.12.03.25][Classes.SSHController.Connect.bw_connect] ip = 192.168.1.55, port = 22

[2018.03.14.12.03.28][Classes.SSHController.sendCommand] echo $CO_HOME

[2018.03.14.12.03.28][Classes.SSHController.ReadLinesBlocking] /home/test

[2018.03.14.12.03.28][Classes.SSHController._LoadEnvCoHome] $CO_HOME = /home/test

[2018.03.14.12.03.29][Classes.SSHController._PullListInDirectory] Path = /

[2018.03.14.12.03.29][Classes.SSHController._PullListInDirectory] Path = /

[2018.03.14.12.03.31][Classes.SSHController._PullListInDirectory] Path = /lib64

[2018.03.14.12.03.31][Classes.SSHController._PullListInDirectory] Path = /lib64

[2018.03.14.12.03.33][Classes.SSHController._PullListInDirectory] Path = /lib64

[2018.03.14.12.09.01][Classes.SSHController.Connect.bw_connect] ip = 192.168.1.55, port = 22

[2018.03.14.12.09.04][Classes.SSHController.sendCommand] echo $CO_HOME

[2018.03.14.12.09.04][Classes.SSHController.ReadLinesBlocking] /home/test

[2018.03.14.12.09.04][Classes.SSHController._LoadEnvCoHome] $CO_HOME = /home/test

[2018.03.14.12.09.05][Classes.SSHController._PullListInDirectory] Path = /

[2018.03.14.12.09.05][Classes.SSHController._PullListInDirectory] Path = /

[2018.03.14.12.09.06][Classes.SSHController._PullListInDirectory] Path = /

[2018.03.14.12.09.06][Classes.SSHController._PullListInDirectory] Path = /

[2018.03.14.12.09.06][Classes.SSHController._PullListInDirectory] Path = /

[2018.03.14.12.16.49][Classes.SSHController.Connect.bw_connect] ip = 192.168.1.55, port = 22

[2018.03.14.12.16.52][Classes.SSHController.sendCommand] echo $CO_HOME

[2018.03.14.12.16.52][Classes.SSHController.ReadLinesBlocking] /home/test

[2018.03.14.12.16.52][Classes.SSHController._LoadEnvCoHome] $CO_HOME = /home/test

[2018.03.14.12.16.53][Classes.SSHController._PullListInDirectory] Path = /

[2018.03.14.12.16.53][Classes.SSHController._PullListInDirectory] Path = /

