[2018.03.14.03.02.51][Classes.SSHController.Connect.bw_connect] ip = 192.168.1.55, port = 22

[2018.03.14.03.02.54][Classes.SSHController.sendCommand] echo $CO_HOME

[2018.03.14.03.02.54][Classes.SSHController.ReadLinesBlocking] /home/test

[2018.03.14.03.02.54][Classes.SSHController._LoadEnvCoHome] $CO_HOME = /home/test

[2018.03.14.03.02.55][Classes.SSHController._PullListInDirectory] Path = /

[2018.03.14.03.02.55][Classes.SSHController._PullListInDirectory] Path = /

[2018.03.14.03.02.55][Classes.SSHController._PullListInDirectory] Path = /home

[2018.03.14.03.02.55][Classes.SSHController._PullListInDirectory] Path = /home

[2018.03.14.03.02.55][Classes.SSHController._PullListInDirectory] Path = /home/test

[2018.03.14.03.02.55][Classes.SSHController._PullListInDirectory] Path = /home/test

[2018.03.14.03.02.55][UserControls.Cofile.Refresh] [refresh]

[2018.03.14.03.03.51][Classes.SSHController.Connect.bw_connect] ip = 192.168.1.55, port = 22

[2018.03.14.03.03.54][Classes.SSHController.sendCommand] echo $CO_HOME

[2018.03.14.03.03.54][Classes.SSHController.ReadLinesBlocking] /home/test

[2018.03.14.03.03.54][Classes.SSHController._LoadEnvCoHome] $CO_HOME = /home/test

[2018.03.14.03.03.55][Classes.SSHController._PullListInDirectory] Path = /

[2018.03.14.03.03.55][Classes.SSHController._PullListInDirectory] Path = /

[2018.03.14.03.03.55][Classes.SSHController._PullListInDirectory] Path = /home

[2018.03.14.03.03.55][Classes.SSHController._PullListInDirectory] Path = /home

[2018.03.14.03.03.55][Classes.SSHController._PullListInDirectory] Path = /home/test

[2018.03.14.03.03.55][Classes.SSHController._PullListInDirectory] Path = /home/test

[2018.03.14.03.03.55][UserControls.Cofile.Refresh] [refresh]

[2018.03.14.03.04.47][Classes.SSHController.Connect.bw_connect] ip = 192.168.1.55, port = 22

[2018.03.14.03.04.50][Classes.SSHController.sendCommand] echo $CO_HOME

[2018.03.14.03.04.50][Classes.SSHController.ReadLinesBlocking] /home/test

[2018.03.14.03.04.50][Classes.SSHController._LoadEnvCoHome] $CO_HOME = /home/test

[2018.03.14.03.04.51][Classes.SSHController._PullListInDirectory] Path = /

[2018.03.14.03.04.51][Classes.SSHController._PullListInDirectory] Path = /

[2018.03.14.03.04.51][Classes.SSHController._PullListInDirectory] Path = /home

[2018.03.14.03.04.51][Classes.SSHController._PullListInDirectory] Path = /home

[2018.03.14.03.04.51][Classes.SSHController._PullListInDirectory] Path = /home/test

[2018.03.14.03.04.51][Classes.SSHController._PullListInDirectory] Path = /home/test

[2018.03.14.03.04.51][UserControls.Cofile.Refresh] [refresh]

[2018.03.14.03.04.59][UserControls.ConfigOptions.ConfigOptionManager.CreateOption] type = file

[2018.03.14.03.05.37][Classes.SSHController.Connect.bw_connect] ip = 192.168.1.55, port = 22

[2018.03.14.03.05.41][Classes.SSHController.sendCommand] echo $CO_HOME

[2018.03.14.03.05.41][Classes.SSHController.ReadLinesBlocking] /home/test

[2018.03.14.03.05.41][Classes.SSHController._LoadEnvCoHome] $CO_HOME = /home/test

[2018.03.14.03.05.42][Classes.SSHController._PullListInDirectory] Path = /

[2018.03.14.03.05.42][Classes.SSHController._PullListInDirectory] Path = /

[2018.03.14.03.05.42][Classes.SSHController._PullListInDirectory] Path = /home

[2018.03.14.03.05.42][Classes.SSHController._PullListInDirectory] Path = /home

[2018.03.14.03.05.42][Classes.SSHController._PullListInDirectory] Path = /home/test

[2018.03.14.03.05.42][Classes.SSHController._PullListInDirectory] Path = /home/test

[2018.03.14.03.05.42][UserControls.Cofile.Refresh] [refresh]

[2018.03.14.03.05.46][UserControls.ConfigOptions.ConfigOptionManager.CreateOption] type = file

[2018.03.14.03.05.47][UserControls.ConfigOptions.ConfigOptionManager.CreateOption] type = file

[2018.03.14.03.05.48][UserControls.ConfigOptions.ConfigOptionManager.CreateOption] type = file

[2018.03.14.03.05.48][UserControls.ConfigOptions.ConfigOptionManager.CreateOption] type = file

[2018.03.14.03.12.29][Classes.SSHController.Connect.bw_connect] ip = 192.168.1.55, port = 22

[2018.03.14.03.12.32][Classes.SSHController.sendCommand] echo $CO_HOME

[2018.03.14.03.12.32][Classes.SSHController.ReadLinesBlocking] /home/test

[2018.03.14.03.12.32][Classes.SSHController._LoadEnvCoHome] $CO_HOME = /home/test

[2018.03.14.03.12.33][Classes.SSHController._PullListInDirectory] Path = /

[2018.03.14.03.12.33][Classes.SSHController._PullListInDirectory] Path = /

[2018.03.14.03.12.33][Classes.SSHController._PullListInDirectory] Path = /home

[2018.03.14.03.12.33][Classes.SSHController._PullListInDirectory] Path = /home

[2018.03.14.03.12.33][Classes.SSHController._PullListInDirectory] Path = /home/test

[2018.03.14.03.12.33][Classes.SSHController._PullListInDirectory] Path = /home/test

[2018.03.14.03.12.33][UserControls.Cofile.Refresh] [refresh]

[2018.03.14.03.12.45][Classes.SSHController._PullListInDirectory] Path = /

[2018.03.14.03.12.45][Classes.SSHController._PullListInDirectory] Path = /

[2018.03.14.03.16.14][Classes.SSHController.Connect.bw_connect] ip = 192.168.1.55, port = 22

[2018.03.14.03.16.17][Classes.SSHController.sendCommand] echo $CO_HOME

[2018.03.14.03.16.17][Classes.SSHController.ReadLinesBlocking] /home/test

[2018.03.14.03.16.17][Classes.SSHController._LoadEnvCoHome] $CO_HOME = /home/test

[2018.03.14.03.16.19][Classes.SSHController._PullListInDirectory] Path = /

[2018.03.14.03.16.19][Classes.SSHController._PullListInDirectory] Path = /

[2018.03.14.03.16.19][Classes.SSHController._PullListInDirectory] Path = /home

[2018.03.14.03.16.19][Classes.SSHController._PullListInDirectory] Path = /home

[2018.03.14.03.16.19][Classes.SSHController._PullListInDirectory] Path = /home/test

[2018.03.14.03.16.19][Classes.SSHController._PullListInDirectory] Path = /home/test

[2018.03.14.03.16.19][UserControls.Cofile.Refresh] [refresh]

