[2018.03.15.09.18.38][Classes.SSHController.Connect.bw_connect] 연결된 구성원으로부터 응답이 없어 연결하지 못했거나, 호스트로부터 응답이 없어 연결이 끊어졌습니다

[2018.03.15.09.18.38][Classes.SSHController.Connect.th_popup] 스레드가 중단되었습니다.

[2018.03.15.09.18.38][Connect] 연결된 구성원으로부터 응답이 없어 연결하지 못했거나, 호스트로부터 응답이 없어 연결이 끊어졌습니다

[2018.03.15.09.25.40][Classes.FileController.CreateDirectory] path = C:\Users\Administrator\documents\visual studio 2015\Projects\CofileUI\CofileUI\bin\Debug\system\

[2018.03.15.09.25.47][Classes.FileController.CreateDirectory] path = C:\Users\Administrator\documents\visual studio 2015\Projects\CofileUI\CofileUI\bin\Debug\system\

[2018.03.15.09.25.57][Classes.FileController.CreateDirectory] path = C:\Users\Administrator\documents\visual studio 2015\Projects\CofileUI\CofileUI\bin\Debug\system\

[2018.03.15.09.26.02][Classes.SSHController.Connect.bw_connect] 대상 컴퓨터에서 연결을 거부했으므로 연결하지 못했습니다

[2018.03.15.09.26.02][Classes.SSHController.Connect.th_popup] 스레드가 중단되었습니다.

[2018.03.15.09.26.02][Connect] 대상 컴퓨터에서 연결을 거부했으므로 연결하지 못했습니다

[2018.03.15.09.28.01][Classes.SSHController.Connect.bw_connect] Permission denied (password).

[2018.03.15.09.28.01][Classes.SSHController.Connect.th_popup] 스레드가 중단되었습니다.

[2018.03.15.09.28.02][Connect] Permission denied (password).

[2018.03.15.09.29.30][Classes.SSHController.Connect.bw_connect] Permission denied (password).

[2018.03.15.09.29.30][Classes.SSHController.Connect.th_popup] 스레드가 중단되었습니다.

[2018.03.15.09.29.30][Connect] Permission denied (password).

[2018.03.15.09.29.42][Classes.SSHController.Connect.bw_connect] 대상 컴퓨터에서 연결을 거부했으므로 연결하지 못했습니다

[2018.03.15.09.29.42][Classes.SSHController.Connect.th_popup] 스레드가 중단되었습니다.

[2018.03.15.09.29.42][Connect] 대상 컴퓨터에서 연결을 거부했으므로 연결하지 못했습니다

[2018.03.15.09.29.54][Classes.SSHController.Connect.bw_connect] Permission denied (password).

[2018.03.15.09.29.54][Connect] Permission denied (password).

[2018.03.15.09.29.54][Classes.SSHController.Connect.th_popup] 스레드가 중단되었습니다.

[2018.03.15.09.34.58][Classes.SSHController.Connect.th_popup] 스레드가 중단되었습니다.

[2018.03.15.09.36.00][Classes.SSHController.Connect.th_popup] 스레드가 중단되었습니다.

[2018.03.15.09.36.05][Classes.FileController.CreateDirectory] path = C:\Users\Administrator\documents\visual studio 2015\Projects\CofileUI\CofileUI\bin\Debug\system\tmp\

[2018.03.15.09.36.05][Classes.FileController.CreateDirectory] path = C:\Users\Administrator\documents\visual studio 2015\Projects\CofileUI\CofileUI\bin\Debug\system\tmp\

[2018.03.15.09.36.05][Classes.FileController.CreateDirectory] path = C:\Users\Administrator\documents\visual studio 2015\Projects\CofileUI\CofileUI\bin\Debug\system\tmp\

[2018.03.15.09.37.14][Classes.SSHController.Connect.th_popup] 스레드가 중단되었습니다.

[2018.03.15.09.44.32][Classes.SSHController.Connect.th_popup] 스레드가 중단되었습니다.

[2018.03.15.09.46.22][Classes.SSHController.Connect.th_popup] 스레드가 중단되었습니다.

[2018.03.15.09.48.54][Classes.SSHController.Connect.th_popup] 스레드가 중단되었습니다.

[2018.03.15.09.50.35][Classes.SSHController.Connect.th_popup] 스레드가 중단되었습니다.

[2018.03.15.09.50.57][Classes.SSHController.Connect.th_popup] 스레드가 중단되었습니다.

[2018.03.15.09.51.32][Classes.SSHController.Connect.th_popup] 스레드가 중단되었습니다.

[2018.03.15.09.52.04][Classes.SSHController.Connect.th_popup] 스레드가 중단되었습니다.

[2018.03.15.09.56.39][Classes.SSHController.Connect.th_popup] 스레드가 중단되었습니다.

[2018.03.15.09.58.12][Classes.SSHController.Connect.th_popup] 스레드가 중단되었습니다.

