[2018.03.15.10.02.49][Classes.SSHController.Connect.bw_connect] Permission denied (password).

[2018.03.15.10.02.49][Connect] Permission denied (password).

[2018.03.15.10.02.49][Classes.SSHController.Connect.th_popup] 스레드가 중단되었습니다.

[2018.03.15.10.03.05][Classes.SSHController.Connect.bw_connect] Permission denied (password).

[2018.03.15.10.03.05][Connect] Permission denied (password).

[2018.03.15.10.03.12][Classes.SSHController.Connect.th_popup] 스레드가 중단되었습니다.

[2018.03.15.10.06.10][Classes.SSHController.Connect.th_popup] 스레드가 중단되었습니다.

[2018.03.15.10.06.53][Classes.SSHController.Connect.th_popup] 스레드가 중단되었습니다.

[2018.03.15.10.09.26][Classes.SSHController.Connect.th_popup] 스레드가 중단되었습니다.

[2018.03.15.10.19.31][Classes.SSHController.Connect.th_popup] 스레드가 중단되었습니다.

[2018.03.15.10.23.38][Classes.SSHController.Connect.th_popup] 스레드가 중단되었습니다.

[2018.03.15.10.27.00][Classes.SSHController.Connect.bw_connect] Permission denied (password).

[2018.03.15.10.27.00][Connect] Permission denied (password).

[2018.03.15.10.27.00][Classes.SSHController.Connect.th_popup] 스레드가 중단되었습니다.

[2018.03.15.10.27.06][Classes.SSHController.Connect.th_popup] 스레드가 중단되었습니다.

[2018.03.15.10.39.24][Classes.SSHController.Connect.th_popup] 스레드가 중단되었습니다.

[2018.03.15.10.39.48][Classes.SSHController.Connect.th_popup] 스레드가 중단되었습니다.

[2018.03.15.10.40.18][Classes.SSHController.Connect.th_popup] 스레드가 중단되었습니다.

[2018.03.15.10.40.35][Classes.SSHController.Connect.th_popup] 스레드가 중단되었습니다.

[2018.03.15.10.41.18][Classes.SSHController.Connect.th_popup] 스레드가 중단되었습니다.

[2018.03.15.10.43.43][Classes.SSHController.Connect.th_popup] 스레드가 중단되었습니다.

[2018.03.15.10.44.20][Pull Directory] Permission denied

[2018.03.15.10.44.20][Classes.SSHController._PullListInDirectory] Permission denied

[2018.03.15.10.44.22][Pull Directory] Permission denied

[2018.03.15.10.44.22][Classes.SSHController._PullListInDirectory] Permission denied

[2018.03.15.10.44.23][Pull Directory] Permission denied

[2018.03.15.10.44.23][Classes.SSHController._PullListInDirectory] Permission denied

[2018.03.15.10.44.23][Pull Directory] Permission denied

[2018.03.15.10.44.23][Classes.SSHController._PullListInDirectory] Permission denied

[2018.03.15.10.44.24][Pull Directory] Permission denied

[2018.03.15.10.44.24][Classes.SSHController._PullListInDirectory] Permission denied

[2018.03.15.10.44.29][Pull Directory] Permission denied

[2018.03.15.10.44.29][Classes.SSHController._PullListInDirectory] Permission denied

[2018.03.15.10.44.30][Pull Directory] Permission denied

[2018.03.15.10.44.30][Classes.SSHController._PullListInDirectory] Permission denied

[2018.03.15.10.50.39][Classes.SSHController.Connect.th_popup] 스레드가 중단되었습니다.

[2018.03.15.10.50.45][Pull Directory] Permission denied

[2018.03.15.10.50.45][Classes.SSHController._PullListInDirectory] Permission denied

[2018.03.15.10.50.47][Pull Directory] Permission denied

[2018.03.15.10.50.47][Classes.SSHController._PullListInDirectory] Permission denied

[2018.03.15.10.55.27][Classes.SSHController.Connect.th_popup] 스레드가 중단되었습니다.

[2018.03.15.10.55.59][Pull Directory] Permission denied

[2018.03.15.10.55.59][Classes.SSHController._PullListInDirectory] Permission denied

[2018.03.15.10.56.11][Pull Directory] Permission denied

[2018.03.15.10.56.11][Classes.SSHController._PullListInDirectory] Permission denied

