[2018.03.14.10.00.36][Classes.SSHController.Connect.th_popup] 스레드가 중단되었습니다.

[2018.03.14.10.04.30][Classes.SSHController.Connect.th_popup] 스레드가 중단되었습니다.

[2018.03.14.10.05.43][Classes.SSHController.Connect.th_popup] 스레드가 중단되었습니다.

[2018.03.14.10.08.57][Classes.SSHController.Connect.th_popup] 스레드가 중단되었습니다.

[2018.03.14.10.09.01][UserControls.LinuxTreeViewItem.Filter] 값은 null일 수 없습니다.
매개 변수 이름: pattern

[2018.03.14.10.09.01][UserControls.LinuxTreeViewItem.Filter] 값은 null일 수 없습니다.
매개 변수 이름: pattern

[2018.03.14.10.09.01][UserControls.LinuxTreeViewItem.Filter] 값은 null일 수 없습니다.
매개 변수 이름: pattern

[2018.03.14.10.09.01][UserControls.LinuxTreeViewItem.Filter] 값은 null일 수 없습니다.
매개 변수 이름: pattern

[2018.03.14.10.09.01][UserControls.LinuxTreeViewItem.Filter] 값은 null일 수 없습니다.
매개 변수 이름: pattern

[2018.03.14.10.09.01][UserControls.LinuxTreeViewItem.Filter] 값은 null일 수 없습니다.
매개 변수 이름: pattern

[2018.03.14.10.11.26][Classes.SSHController.Connect.th_popup] 스레드가 중단되었습니다.

[2018.03.14.10.12.06][Classes.SSHController.Connect.th_popup] 스레드가 중단되었습니다.

[2018.03.14.10.13.08][Classes.SSHController.Connect.th_popup] 스레드가 중단되었습니다.

[2018.03.14.10.16.20][Classes.SSHController.Connect.th_popup] 스레드가 중단되었습니다.

[2018.03.14.10.22.14][Classes.SSHController.Connect.th_popup] 스레드가 중단되었습니다.

[2018.03.14.10.29.03][Classes.SSHController.Connect.th_popup] 스레드가 중단되었습니다.

[2018.03.14.10.30.25][Classes.SSHController.Connect.bw_connect] Permission denied (password).

[2018.03.14.10.30.25][Classes.SSHController.Connect.th_popup] 스레드가 중단되었습니다.

[2018.03.14.10.30.25][Connect] Permission denied (password).

[2018.03.14.10.30.40][Classes.SSHController.Connect.th_popup] 스레드가 중단되었습니다.

[2018.03.14.10.31.20][Classes.SSHController.Connect.th_popup] 스레드가 중단되었습니다.

[2018.03.14.10.32.18][Classes.SSHController.Connect.th_popup] 스레드가 중단되었습니다.

[2018.03.14.10.36.47][Classes.SSHController.Connect.th_popup] 스레드가 중단되었습니다.

[2018.03.14.10.44.19][Classes.SSHController.Connect.th_popup] 스레드가 중단되었습니다.

[2018.03.14.10.44.26][UserControls.LinuxTreeViewItem.Filter] 값은 null일 수 없습니다.
매개 변수 이름: pattern

[2018.03.14.10.44.26][UserControls.LinuxTreeViewItem.Filter] 값은 null일 수 없습니다.
매개 변수 이름: pattern

[2018.03.14.10.44.26][UserControls.LinuxTreeViewItem.Filter] 값은 null일 수 없습니다.
매개 변수 이름: pattern

[2018.03.14.10.44.26][UserControls.LinuxTreeViewItem.Filter] 값은 null일 수 없습니다.
매개 변수 이름: pattern

[2018.03.14.10.44.26][UserControls.LinuxTreeViewItem.Filter] 값은 null일 수 없습니다.
매개 변수 이름: pattern

[2018.03.14.10.44.26][UserControls.LinuxTreeViewItem.Filter] 값은 null일 수 없습니다.
매개 변수 이름: pattern

[2018.03.14.10.55.53][Classes.SSHController.Connect.th_popup] 스레드가 중단되었습니다.

[2018.03.14.10.55.58][UserControls.LinuxTreeViewItem.Filter] 값은 null일 수 없습니다.
매개 변수 이름: pattern

[2018.03.14.10.55.58][UserControls.LinuxTreeViewItem.Filter] 값은 null일 수 없습니다.
매개 변수 이름: pattern

[2018.03.14.10.55.58][UserControls.LinuxTreeViewItem.Filter] 값은 null일 수 없습니다.
매개 변수 이름: pattern

[2018.03.14.10.55.58][UserControls.LinuxTreeViewItem.Filter] 값은 null일 수 없습니다.
매개 변수 이름: pattern

[2018.03.14.10.55.58][UserControls.LinuxTreeViewItem.Filter] 값은 null일 수 없습니다.
매개 변수 이름: pattern

[2018.03.14.10.55.58][UserControls.LinuxTreeViewItem.Filter] 값은 null일 수 없습니다.
매개 변수 이름: pattern

